  Source.cpp
C:\Users\Vyankatesh Pandit\Desktop\Unit\Unit\Source.cpp(124,22): warning C4101: 'i': unreferenced local variable
C:\Users\Vyankatesh Pandit\Desktop\Unit\Unit\Source.cpp(148,22): warning C4101: 'i': unreferenced local variable
C:\Users\Vyankatesh Pandit\Desktop\Unit\Unit\Source.cpp(175,22): warning C4101: 'i': unreferenced local variable
C:\Users\Vyankatesh Pandit\Desktop\Unit\Unit\Source.cpp(203,22): warning C4101: 'i': unreferenced local variable
C:\Users\Vyankatesh Pandit\Desktop\Unit\Unit\Source.cpp(230,22): warning C4101: 'i': unreferenced local variable
C:\Users\Vyankatesh Pandit\Desktop\Unit\Unit\Source.cpp(257,22): warning C4101: 'i': unreferenced local variable
C:\Users\Vyankatesh Pandit\Desktop\Unit\Unit\Source.cpp(284,22): warning C4101: 'i': unreferenced local variable
C:\Users\Vyankatesh Pandit\Desktop\Unit\Unit\Source.cpp(311,22): warning C4101: 'i': unreferenced local variable
C:\Users\Vyankatesh Pandit\Desktop\Unit\Unit\Source.cpp(338,22): warning C4101: 'i': unreferenced local variable
C:\Users\Vyankatesh Pandit\Desktop\Unit\Unit\Source.cpp(365,22): warning C4101: 'i': unreferenced local variable
C:\Users\Vyankatesh Pandit\Desktop\Unit\Unit\Source.cpp(392,22): warning C4101: 'i': unreferenced local variable
C:\Users\Vyankatesh Pandit\Desktop\Unit\Unit\Source.cpp(419,22): warning C4101: 'i': unreferenced local variable
C:\Users\Vyankatesh Pandit\Desktop\Unit\Unit\Source.cpp(446,22): warning C4101: 'i': unreferenced local variable
C:\Users\Vyankatesh Pandit\Desktop\Unit\Unit\Source.cpp(473,22): warning C4101: 'i': unreferenced local variable
C:\Users\Vyankatesh Pandit\Desktop\Unit\Unit\Source.cpp(500,22): warning C4101: 'i': unreferenced local variable
C:\Users\Vyankatesh Pandit\Desktop\Unit\Unit\Source.cpp(527,22): warning C4101: 'i': unreferenced local variable
C:\Users\Vyankatesh Pandit\Desktop\Unit\Unit\Source.cpp(555,20): warning C4101: 'i': unreferenced local variable
C:\Users\Vyankatesh Pandit\Desktop\Unit\Unit\Source.cpp(582,22): warning C4101: 'i': unreferenced local variable
C:\Users\Vyankatesh Pandit\Desktop\Unit\Unit\Source.cpp(609,22): warning C4101: 'i': unreferenced local variable
C:\Users\Vyankatesh Pandit\Desktop\Unit\Unit\Source.cpp(636,22): warning C4101: 'i': unreferenced local variable
C:\Users\Vyankatesh Pandit\Desktop\Unit\Unit\Source.cpp(663,22): warning C4101: 'i': unreferenced local variable
C:\Users\Vyankatesh Pandit\Desktop\Unit\Unit\Source.cpp(690,22): warning C4101: 'i': unreferenced local variable
C:\Users\Vyankatesh Pandit\Desktop\Unit\Unit\Source.cpp(718,22): warning C4101: 'i': unreferenced local variable
C:\Users\Vyankatesh Pandit\Desktop\Unit\Unit\Source.cpp(745,22): warning C4101: 'i': unreferenced local variable
C:\Users\Vyankatesh Pandit\Desktop\Unit\Unit\Source.cpp(772,22): warning C4101: 'i': unreferenced local variable
C:\Users\Vyankatesh Pandit\Desktop\Unit\Unit\Source.cpp(799,22): warning C4101: 'i': unreferenced local variable
C:\Users\Vyankatesh Pandit\Desktop\Unit\Unit\Source.cpp(823,22): warning C4101: 'i': unreferenced local variable
C:\Users\Vyankatesh Pandit\Desktop\Unit\Unit\Source.cpp(851,22): warning C4101: 'i': unreferenced local variable
C:\Users\Vyankatesh Pandit\Desktop\Unit\Unit\Source.cpp(878,22): warning C4101: 'i': unreferenced local variable
C:\Users\Vyankatesh Pandit\Desktop\Unit\Unit\Source.cpp(907,22): warning C4101: 'i': unreferenced local variable
C:\Users\Vyankatesh Pandit\Desktop\Unit\Unit\Source.cpp(935,22): warning C4101: 'i': unreferenced local variable
C:\Users\Vyankatesh Pandit\Desktop\Unit\Unit\Source.cpp(962,22): warning C4101: 'i': unreferenced local variable
C:\Users\Vyankatesh Pandit\Desktop\Unit\Unit\Source.cpp(989,22): warning C4101: 'i': unreferenced local variable
C:\Users\Vyankatesh Pandit\Desktop\Unit\Unit\Source.cpp(1016,22): warning C4101: 'i': unreferenced local variable
C:\Users\Vyankatesh Pandit\Desktop\Unit\Unit\Source.cpp(1041,22): warning C4101: 'i': unreferenced local variable
C:\Users\Vyankatesh Pandit\Desktop\Unit\Unit\Source.cpp(1068,22): warning C4101: 'i': unreferenced local variable
C:\Users\Vyankatesh Pandit\Desktop\Unit\Unit\Source.cpp(1095,22): warning C4101: 'i': unreferenced local variable
C:\Users\Vyankatesh Pandit\Desktop\Unit\Unit\Source.cpp(1122,22): warning C4101: 'i': unreferenced local variable
C:\Users\Vyankatesh Pandit\Desktop\Unit\Unit\Source.cpp(1149,22): warning C4101: 'i': unreferenced local variable
C:\Users\Vyankatesh Pandit\Desktop\Unit\Unit\Source.cpp(1175,22): warning C4101: 'i': unreferenced local variable
C:\Users\Vyankatesh Pandit\Desktop\Unit\Unit\Source.cpp(1203,22): warning C4101: 'i': unreferenced local variable
C:\Users\Vyankatesh Pandit\Desktop\Unit\Unit\Source.cpp(1231,22): warning C4101: 'i': unreferenced local variable
C:\Users\Vyankatesh Pandit\Desktop\Unit\Unit\Source.cpp(1258,22): warning C4101: 'i': unreferenced local variable
C:\Users\Vyankatesh Pandit\Desktop\Unit\Unit\Source.cpp(1284,22): warning C4101: 'i': unreferenced local variable
C:\Users\Vyankatesh Pandit\Desktop\Unit\Unit\Source.cpp(1311,22): warning C4101: 'i': unreferenced local variable
C:\Users\Vyankatesh Pandit\Desktop\Unit\Unit\Source.cpp(1338,22): warning C4101: 'i': unreferenced local variable
C:\Users\Vyankatesh Pandit\Desktop\Unit\Unit\Source.cpp(1365,22): warning C4101: 'i': unreferenced local variable
C:\Users\Vyankatesh Pandit\Desktop\Unit\Unit\Source.cpp(1392,22): warning C4101: 'i': unreferenced local variable
C:\Users\Vyankatesh Pandit\Desktop\Unit\Unit\Source.cpp(1419,22): warning C4101: 'i': unreferenced local variable
C:\Users\Vyankatesh Pandit\Desktop\Unit\Unit\Source.cpp(1446,22): warning C4101: 'i': unreferenced local variable
C:\Users\Vyankatesh Pandit\Desktop\Unit\Unit\Source.cpp(1473,22): warning C4101: 'i': unreferenced local variable
C:\Users\Vyankatesh Pandit\Desktop\Unit\Unit\Source.cpp(1500,22): warning C4101: 'i': unreferenced local variable
C:\Users\Vyankatesh Pandit\Desktop\Unit\Unit\Source.cpp(1527,22): warning C4101: 'i': unreferenced local variable
C:\Users\Vyankatesh Pandit\Desktop\Unit\Unit\Source.cpp(1553,22): warning C4101: 'i': unreferenced local variable
C:\Users\Vyankatesh Pandit\Desktop\Unit\Unit\Source.cpp(1580,22): warning C4101: 'i': unreferenced local variable
C:\Users\Vyankatesh Pandit\Desktop\Unit\Unit\Source.cpp(1607,22): warning C4101: 'i': unreferenced local variable
C:\Users\Vyankatesh Pandit\Desktop\Unit\Unit\Source.cpp(1634,22): warning C4101: 'i': unreferenced local variable
C:\Users\Vyankatesh Pandit\Desktop\Unit\Unit\Source.cpp(1661,22): warning C4101: 'i': unreferenced local variable
C:\Users\Vyankatesh Pandit\Desktop\Unit\Unit\Source.cpp(1688,22): warning C4101: 'i': unreferenced local variable
C:\Users\Vyankatesh Pandit\Desktop\Unit\Unit\Source.cpp(1715,22): warning C4101: 'i': unreferenced local variable
C:\Users\Vyankatesh Pandit\Desktop\Unit\Unit\Source.cpp(1742,22): warning C4101: 'i': unreferenced local variable
C:\Users\Vyankatesh Pandit\Desktop\Unit\Unit\Source.cpp(1769,22): warning C4101: 'i': unreferenced local variable
C:\Users\Vyankatesh Pandit\Desktop\Unit\Unit\Source.cpp(1791,22): warning C4101: 'i': unreferenced local variable
C:\Users\Vyankatesh Pandit\Desktop\Unit\Unit\Source.cpp(1818,22): warning C4101: 'i': unreferenced local variable
C:\Users\Vyankatesh Pandit\Desktop\Unit\Unit\Source.cpp(1845,22): warning C4101: 'i': unreferenced local variable
C:\Users\Vyankatesh Pandit\Desktop\Unit\Unit\Source.cpp(1914,9): warning C4101: 'FirstUnit': unreferenced local variable
C:\Users\Vyankatesh Pandit\Desktop\Unit\Unit\Source.cpp(1914,20): warning C4101: 'SecondUnit': unreferenced local variable
C:\Users\Vyankatesh Pandit\Desktop\Unit\Unit\Source.cpp(1913,12): warning C4101: 'y': unreferenced local variable
  Unit.vcxproj -> C:\Users\Vyankatesh Pandit\Desktop\Unit\Debug\Unit.exe
